0 info it worked if it ends with ok
1 verbose cli [
1 verbose cli   'C:\\Program Files\\nodejs\\node.exe',
1 verbose cli   'C:\\Users\\leand\\AppData\\Roaming\\npm\\node_modules\\npm\\bin\\npm-cli.js',
1 verbose cli   'i',
1 verbose cli   '-g',
1 verbose cli   'npm'
1 verbose cli ]
2 info using npm@4.1.2
3 info using node@v15.0.1
4 silly loadCurrentTree Starting
5 silly install loadCurrentTree
6 silly install readGlobalPackageData
7 silly fetchPackageMetaData npm
8 silly fetchNamedPackageData npm
9 silly mapToRegistry name npm
10 silly mapToRegistry using default registry
11 silly mapToRegistry registry https://registry.npmjs.org/
12 silly mapToRegistry data Result {
12 silly mapToRegistry   raw: 'npm',
12 silly mapToRegistry   scope: null,
12 silly mapToRegistry   escapedName: 'npm',
12 silly mapToRegistry   name: 'npm',
12 silly mapToRegistry   rawSpec: '',
12 silly mapToRegistry   spec: 'latest',
12 silly mapToRegistry   type: 'tag'
12 silly mapToRegistry }
13 silly mapToRegistry uri https://registry.npmjs.org/npm
14 verbose request uri https://registry.npmjs.org/npm
15 verbose request no auth needed
16 info attempt registry request try #1 at 16:02:06
17 verbose request id 62ff71ee50f29a1b
18 verbose etag W/"5889f384-5bb1a2"
19 verbose lastModified Thu, 26 Jan 2017 13:03:00 GMT
20 http request GET https://registry.npmjs.org/npm
21 http 200 https://registry.npmjs.org/npm
22 verbose headers {
22 verbose headers   date: 'Fri, 30 Oct 2020 19:02:06 GMT',
22 verbose headers   'content-type': 'application/json',
22 verbose headers   'transfer-encoding': 'chunked',
22 verbose headers   connection: 'keep-alive',
22 verbose headers   'set-cookie': [
22 verbose headers     '__cfduid=d04acc00748392c08b07002c5fedae1a51604084526; expires=Sun, 29-Nov-20 19:02:06 GMT; path=/; domain=.npmjs.org; HttpOnly; SameSite=Lax'
22 verbose headers   ],
22 verbose headers   'cf-ray': '5ea763836ef1d076-CWB',
22 verbose headers   age: '96',
22 verbose headers   'cache-control': 'public, max-age=300',
22 verbose headers   etag: 'W/"052785bf6fa2b2cfd294235d9dba6f78"',
22 verbose headers   'last-modified': 'Fri, 30 Oct 2020 18:47:40 GMT',
22 verbose headers   vary: 'accept-encoding, accept',
22 verbose headers   'cf-cache-status': 'HIT',
22 verbose headers   'cf-request-id': '061c7c86230000d07607365000000001',
22 verbose headers   'expect-ct': 'max-age=604800, report-uri="https://report-uri.cloudflare.com/cdn-cgi/beacon/expect-ct"',
22 verbose headers   server: 'cloudflare',
22 verbose headers   'content-encoding': 'gzip'
22 verbose headers }
23 silly get cb [
23 silly get   200,
23 silly get   {
23 silly get     date: 'Fri, 30 Oct 2020 19:02:06 GMT',
23 silly get     'content-type': 'application/json',
23 silly get     'transfer-encoding': 'chunked',
23 silly get     connection: 'keep-alive',
23 silly get     'set-cookie': [
23 silly get       '__cfduid=d04acc00748392c08b07002c5fedae1a51604084526; expires=Sun, 29-Nov-20 19:02:06 GMT; path=/; domain=.npmjs.org; HttpOnly; SameSite=Lax'
23 silly get     ],
23 silly get     'cf-ray': '5ea763836ef1d076-CWB',
23 silly get     age: '96',
23 silly get     'cache-control': 'public, max-age=300',
23 silly get     etag: 'W/"052785bf6fa2b2cfd294235d9dba6f78"',
23 silly get     'last-modified': 'Fri, 30 Oct 2020 18:47:40 GMT',
23 silly get     vary: 'accept-encoding, accept',
23 silly get     'cf-cache-status': 'HIT',
23 silly get     'cf-request-id': '061c7c86230000d07607365000000001',
23 silly get     'expect-ct': 'max-age=604800, report-uri="https://report-uri.cloudflare.com/cdn-cgi/beacon/expect-ct"',
23 silly get     server: 'cloudflare',
23 silly get     'content-encoding': 'gzip'
23 silly get   }
23 silly get ]
24 verbose get saving npm to C:\Users\leand\AppData\Roaming\npm-cache\registry.npmjs.org\npm\.cache.json
25 verbose correctMkdir C:\Users\leand\AppData\Roaming\npm-cache correctMkdir not in flight; initializing
26 verbose stack TypeError: cb.apply is not a function
26 verbose stack     at C:\Users\leand\AppData\Roaming\npm\node_modules\npm\node_modules\graceful-fs\polyfills.js:287:18
26 verbose stack     at FSReqCallback.oncomplete (node:fs:184:5)
27 verbose cwd C:\Users\leand\Desktop\CursoJS\Curso VueJs
28 error Windows_NT 10.0.18363
29 error argv "C:\\Program Files\\nodejs\\node.exe" "C:\\Users\\leand\\AppData\\Roaming\\npm\\node_modules\\npm\\bin\\npm-cli.js" "i" "-g" "npm"
30 error node v15.0.1
31 error npm  v4.1.2
32 error cb.apply is not a function
33 error If you need help, you may report this error at:
33 error     <https://github.com/npm/npm/issues>
34 verbose exit [ 1, true ]
